<?xml version="1.0" encoding="UTF-8"?>
<!-- Generated by org.testng.reporters.JUnitXMLReporter -->
<testsuite hostname="ginosmac.local" name="Home Depot" tests="1" failures="1" timestamp="5 Jun 2014 20:37:30 GMT" time="7.624" errors="0">
  <testcase name="mobTester" time="5.443" classname="mobby.HarTester2">
    <failure type="org.codehaus.jackson.JsonParseException" message="Missing timings field in entries element
 at [Source: myhar.har; line: 1, column: 2982452]">
      <![CDATA[org.codehaus.jackson.JsonParseException: Missing timings field in entries element
 at [Source: myhar.har; line: 1, column: 2982452]
	at edu.umass.cs.benchlab.har.HarEntry.<init>(HarEntry.java:259)
	at edu.umass.cs.benchlab.har.HarEntries.<init>(HarEntries.java:86)
	at edu.umass.cs.benchlab.har.HarLog.<init>(HarLog.java:131)
	at edu.umass.cs.benchlab.har.tools.HarFileReader.readHarFile(HarFileReader.java:116)
	at edu.umass.cs.benchlab.har.tools.HarFileReader.readHarFile(HarFileReader.java:89)
	at mobby.HarTester2.mobTester(HarTester2.java:77)
... Removed 24 stack frames]]>
    </failure>
  </testcase> <!-- mobTester -->
</testsuite> <!-- Home Depot -->
