<?xml version="1.0" encoding="UTF-8"?>
<testng-results skipped="0" failed="1" total="2" passed="1">
  <reporter-output>
  </reporter-output>
  <suite name="Suite" duration-ms="20672" started-at="2014-06-05T20:37:09Z" finished-at="2014-06-05T20:37:30Z">
    <groups>
    </groups>
    <test name="Gino&#039;s Bikes Site" duration-ms="13038" started-at="2014-06-05T20:37:09Z" finished-at="2014-06-05T20:37:22Z">
      <class name="mobby.HarTester2">
        <test-method status="PASS" signature="startBrowser()[pri:0, instance:mobby.HarTester2@c2e42fe]" name="startBrowser" is-config="true" duration-ms="8156" started-at="2014-06-05T13:37:09Z" finished-at="2014-06-05T13:37:17Z">
          <reporter-output>
          </reporter-output>
        </test-method> <!-- startBrowser -->
        <test-method status="PASS" signature="mobTester(java.lang.String, java.lang.String, java.lang.String)[pri:0, instance:mobby.HarTester2@c2e42fe]" name="mobTester" duration-ms="4406" started-at="2014-06-05T13:37:17Z" finished-at="2014-06-05T13:37:22Z">
          <params>
            <param index="0">
              <value>
                <![CDATA[http://www.ginosbikes.weebly.com/]]>
              </value>
            </param>
            <param index="1">
              <value>
                <![CDATA[^http://www.google-analytics.com/ga.js]]>
              </value>
            </param>
            <param index="2">
              <value>
                <![CDATA[request]]>
              </value>
            </param>
          </params>
          <reporter-output>
          </reporter-output>
        </test-method> <!-- mobTester -->
        <test-method status="PASS" signature="closeBrowser()[pri:0, instance:mobby.HarTester2@c2e42fe]" name="closeBrowser" is-config="true" duration-ms="467" started-at="2014-06-05T13:37:22Z" finished-at="2014-06-05T13:37:22Z">
          <reporter-output>
          </reporter-output>
        </test-method> <!-- closeBrowser -->
      </class> <!-- mobby.HarTester2 -->
    </test> <!-- Gino's Bikes Site -->
    <test name="Home Depot" duration-ms="7624" started-at="2014-06-05T20:37:22Z" finished-at="2014-06-05T20:37:30Z">
      <class name="mobby.HarTester2">
        <test-method status="PASS" signature="beforeSuite()[pri:0, instance:mobby.HarTester2@45ae90c9]" name="beforeSuite" is-config="true" duration-ms="8" started-at="2014-06-05T13:37:09Z" finished-at="2014-06-05T13:37:09Z">
          <reporter-output>
          </reporter-output>
        </test-method> <!-- beforeSuite -->
        <test-method status="PASS" signature="startBrowser()[pri:0, instance:mobby.HarTester2@45ae90c9]" name="startBrowser" is-config="true" duration-ms="1692" started-at="2014-06-05T13:37:22Z" finished-at="2014-06-05T13:37:24Z">
          <reporter-output>
          </reporter-output>
        </test-method> <!-- startBrowser -->
        <test-method status="FAIL" signature="mobTester(java.lang.String, java.lang.String, java.lang.String)[pri:0, instance:mobby.HarTester2@45ae90c9]" name="mobTester" duration-ms="5443" started-at="2014-06-05T13:37:24Z" finished-at="2014-06-05T13:37:29Z">
          <params>
            <param index="0">
              <value>
                <![CDATA[http://www.homedepot.com/]]>
              </value>
            </param>
            <param index="1">
              <value>
                <![CDATA[^http://www.google-analytics.com/ga.js]]>
              </value>
            </param>
            <param index="2">
              <value>
                <![CDATA[request]]>
              </value>
            </param>
          </params>
          <exception class="org.codehaus.jackson.JsonParseException">
            <message>
              <![CDATA[Missing timings field in entries element
 at [Source: myhar.har; line: 1, column: 2982452]]]>
            </message>
            <full-stacktrace>
              <![CDATA[org.codehaus.jackson.JsonParseException: Missing timings field in entries element
 at [Source: myhar.har; line: 1, column: 2982452]
	at edu.umass.cs.benchlab.har.HarEntry.<init>(HarEntry.java:259)
	at edu.umass.cs.benchlab.har.HarEntries.<init>(HarEntries.java:86)
	at edu.umass.cs.benchlab.har.HarLog.<init>(HarLog.java:131)
	at edu.umass.cs.benchlab.har.tools.HarFileReader.readHarFile(HarFileReader.java:116)
	at edu.umass.cs.benchlab.har.tools.HarFileReader.readHarFile(HarFileReader.java:89)
	at mobby.HarTester2.mobTester(HarTester2.java:77)
	at sun.reflect.NativeMethodAccessorImpl.invoke0(Native Method)
	at sun.reflect.NativeMethodAccessorImpl.invoke(NativeMethodAccessorImpl.java:57)
	at sun.reflect.DelegatingMethodAccessorImpl.invoke(DelegatingMethodAccessorImpl.java:43)
	at java.lang.reflect.Method.invoke(Method.java:606)
	at org.testng.internal.MethodInvocationHelper.invokeMethod(MethodInvocationHelper.java:84)
	at org.testng.internal.Invoker.invokeMethod(Invoker.java:714)
	at org.testng.internal.Invoker.invokeTestMethod(Invoker.java:901)
	at org.testng.internal.Invoker.invokeTestMethods(Invoker.java:1231)
	at org.testng.internal.TestMethodWorker.invokeTestMethods(TestMethodWorker.java:127)
	at org.testng.internal.TestMethodWorker.run(TestMethodWorker.java:111)
	at org.testng.TestRunner.privateRun(TestRunner.java:767)
	at org.testng.TestRunner.run(TestRunner.java:617)
	at org.testng.SuiteRunner.runTest(SuiteRunner.java:334)
	at org.testng.SuiteRunner.runSequentially(SuiteRunner.java:329)
	at org.testng.SuiteRunner.privateRun(SuiteRunner.java:291)
	at org.testng.SuiteRunner.run(SuiteRunner.java:240)
	at org.testng.SuiteRunnerWorker.runSuite(SuiteRunnerWorker.java:52)
	at org.testng.SuiteRunnerWorker.run(SuiteRunnerWorker.java:86)
	at org.testng.TestNG.runSuitesSequentially(TestNG.java:1224)
	at org.testng.TestNG.runSuitesLocally(TestNG.java:1149)
	at org.testng.TestNG.run(TestNG.java:1057)
	at org.testng.remote.RemoteTestNG.run(RemoteTestNG.java:111)
	at org.testng.remote.RemoteTestNG.initAndRun(RemoteTestNG.java:204)
	at org.testng.remote.RemoteTestNG.main(RemoteTestNG.java:175)
]]>
            </full-stacktrace>
          </exception> <!-- org.codehaus.jackson.JsonParseException -->
          <reporter-output>
          </reporter-output>
        </test-method> <!-- mobTester -->
        <test-method status="PASS" signature="closeBrowser()[pri:0, instance:mobby.HarTester2@45ae90c9]" name="closeBrowser" is-config="true" duration-ms="486" started-at="2014-06-05T13:37:29Z" finished-at="2014-06-05T13:37:30Z">
          <reporter-output>
          </reporter-output>
        </test-method> <!-- closeBrowser -->
        <test-method status="PASS" signature="shutDown()[pri:0, instance:mobby.HarTester2@45ae90c9]" name="shutDown" is-config="true" duration-ms="74" started-at="2014-06-05T13:37:30Z" finished-at="2014-06-05T13:37:30Z">
          <reporter-output>
          </reporter-output>
        </test-method> <!-- shutDown -->
      </class> <!-- mobby.HarTester2 -->
    </test> <!-- Home Depot -->
  </suite> <!-- Suite -->
</testng-results>
